# JRE version: Java(TM) SE Runtime Environment (11.0.1+13) (build 11.0.1+13-LTS)
# Java VM: Java HotSpot(TM) 64-Bit Server VM (11.0.1+13-LTS, mixed mode, tiered, compressed oops, g1 gc, windows-amd64)
Heap:
 garbage-first heap   total 262144K, used 152484K [0x0000000701200000, 0x0000000800000000)
  region size 1024K, 147 young (150528K), 9 survivors (9216K)
 Metaspace       used 51505K, capacity 52613K, committed 52860K, reserved 1095680K
  class space    used 6042K, capacity 6475K, committed 6528K, reserved 1048576K
GC Heap History (10 events):
Event: 2.702 GC heap before
{Heap before GC invocations=1 (full 0):
 garbage-first heap   total 262144K, used 13527K [0x0000000701200000, 0x0000000800000000)
  region size 1024K, 12 young (12288K), 2 survivors (2048K)
 Metaspace       used 14321K, capacity 14571K, committed 14848K, reserved 1062912K
  class space    used 1413K, capacity 1500K, committed 1536K, reserved 1048576K
}
Event: 2.707 GC heap after
{Heap after GC invocations=2 (full 0):
 garbage-first heap   total 262144K, used 5318K [0x0000000701200000, 0x0000000800000000)
  region size 1024K, 1 young (1024K), 1 survivors (1024K)
 Metaspace       used 14321K, capacity 14571K, committed 14848K, reserved 1062912K
  class space    used 1413K, capacity 1500K, committed 1536K, reserved 1048576K
}
Event: 3.869 GC heap before
{Heap before GC invocations=2 (full 0):
 garbage-first heap   total 262144K, used 33990K [0x0000000701200000, 0x0000000800000000)
  region size 1024K, 29 young (29696K), 1 survivors (1024K)
 Metaspace       used 20271K, capacity 20700K, committed 20992K, reserved 1067008K
  class space    used 2324K, capacity 2480K, committed 2560K, reserved 1048576K
}
Event: 3.876 GC heap after
{Heap after GC invocations=3 (full 0):
 garbage-first heap   total 262144K, used 6626K [0x0000000701200000, 0x0000000800000000)
  region size 1024K, 3 young (3072K), 3 survivors (3072K)
 Metaspace       used 20271K, capacity 20700K, committed 20992K, reserved 1067008K
  class space    used 2324K, capacity 2480K, committed 2560K, reserved 1048576K
}
Event: 3.976 GC heap before
{Heap before GC invocations=3 (full 0):
 garbage-first heap   total 262144K, used 8674K [0x0000000701200000, 0x0000000800000000)
  region size 1024K, 6 young (6144K), 3 survivors (3072K)
 Metaspace       used 20819K, capacity 21224K, committed 21248K, reserved 1069056K
  class space    used 2388K, capacity 2549K, committed 2560K, reserved 1048576K
}
Event: 3.983 GC heap after
{Heap after GC invocations=4 (full 0):
 garbage-first heap   total 262144K, used 6691K [0x0000000701200000, 0x0000000800000000)
  region size 1024K, 3 young (3072K), 3 survivors (3072K)
 Metaspace       used 20819K, capacity 21224K, committed 21248K, reserved 1069056K
  class space    used 2388K, capacity 2549K, committed 2560K, reserved 1048576K
}
Event: 6.176 GC heap before
{Heap before GC invocations=5 (full 0):
 garbage-first heap   total 262144K, used 54819K [0x0000000701200000, 0x0000000800000000)
  region size 1024K, 50 young (51200K), 3 survivors (3072K)
 Metaspace       used 29277K, capacity 29934K, committed 30076K, reserved 1075200K
  class space    used 3373K, capacity 3644K, committed 3712K, reserved 1048576K
}
Event: 6.187 GC heap after
{Heap after GC invocations=6 (full 0):
 garbage-first heap   total 262144K, used 9810K [0x0000000701200000, 0x0000000800000000)
  region size 1024K, 6 young (6144K), 6 survivors (6144K)
 Metaspace       used 29277K, capacity 29934K, committed 30076K, reserved 1075200K
  class space    used 3373K, capacity 3644K, committed 3712K, reserved 1048576K
}
Event: 8.847 GC heap before
{Heap before GC invocations=6 (full 0):
 garbage-first heap   total 262144K, used 57938K [0x0000000701200000, 0x0000000800000000)
  region size 1024K, 54 young (55296K), 6 survivors (6144K)
 Metaspace       used 35067K, capacity 35930K, committed 35964K, reserved 1081344K
  class space    used 4114K, capacity 4477K, committed 4480K, reserved 1048576K
}
Event: 8.866 GC heap after
{Heap after GC invocations=7 (full 0):
 garbage-first heap   total 262144K, used 13220K [0x0000000701200000, 0x0000000800000000)
  region size 1024K, 9 young (9216K), 9 survivors (9216K)
 Metaspace       used 35067K, capacity 35930K, committed 35964K, reserved 1081344K
  class space    used 4114K, capacity 4477K, committed 4480K, reserved 1048576K
}

